<?xml version="1.0" encoding="UTF-8"?>
<!-- Generated by org.testng.reporters.JUnitReportReporter -->
<testsuite hostname="Siku" failures="0" tests="2" name="demo.ValidateResponseHeader" time="7.224" errors="0" timestamp="2024-05-14T00:25:42 IST" skipped="1">
  <testcase classname="demo.ValidateResponseHeader" name="getSingleUserUsingBddStyle" time="7.224"/>
  <system-out/>
  <testcase classname="demo.ValidateResponseHeader" name="getSingleUser">
    <skipped/>
  </testcase> <!-- getSingleUser -->
  <system-out/>
</testsuite> <!-- demo.ValidateResponseHeader -->
