<?xml version="1.0" encoding="UTF-8"?>
<!-- Generated by org.testng.reporters.JUnitReportReporter -->
<testsuite hostname="Siku" failures="0" tests="1" name="demo.TestBearerToken" time="6.980" errors="0" timestamp="2024-05-15T16:27:05 IST" skipped="0">
  <testcase classname="demo.TestBearerToken" name="bearerToken" time="6.980"/>
  <system-out/>
</testsuite> <!-- demo.TestBearerToken -->
