<?xml version="1.0" encoding="UTF-8"?>
<!-- Generated by org.testng.reporters.JUnitReportReporter -->
<testsuite hostname="Siku" failures="0" tests="3" name="demo.CheckForValidResponse" time="6.127" errors="0" timestamp="2024-05-13T23:41:33 IST" skipped="2">
  <testcase classname="demo.CheckForValidResponse" name="getSingleUserUsingBddStyle" time="6.127"/>
  <system-out/>
  <testcase classname="demo.CheckForValidResponse" name="getSingleUserUsingValidatableResponse">
    <skipped/>
  </testcase> <!-- getSingleUserUsingValidatableResponse -->
  <system-out/>
  <testcase classname="demo.CheckForValidResponse" name="getSingleUser">
    <skipped/>
  </testcase> <!-- getSingleUser -->
  <system-out/>
</testsuite> <!-- demo.CheckForValidResponse -->
