<?xml version="1.0" encoding="UTF-8"?>
<!-- Generated by org.testng.reporters.JUnitReportReporter -->
<testsuite hostname="Siku" failures="0" tests="2" name="demo.TestBasicAuth" time="10.395" errors="0" timestamp="2024-05-15T15:56:38 IST" skipped="1">
  <testcase classname="demo.TestBasicAuth" name="digestiveAuth" time="10.395"/>
  <system-out/>
  <testcase classname="demo.TestBasicAuth" name="basicAuth">
    <skipped/>
  </testcase> <!-- basicAuth -->
  <system-out/>
</testsuite> <!-- demo.TestBasicAuth -->
