<?xml version="1.0" encoding="UTF-8"?>
<!-- Generated by org.testng.reporters.JUnitReportReporter -->
<testsuite hostname="Siku" failures="0" tests="1" name="demo.TestPostMethod" time="4.651" errors="0" timestamp="2024-05-12T18:46:28 IST" skipped="0">
  <testcase classname="demo.TestPostMethod" name="testCase03" time="4.651"/>
  <system-out/>
</testsuite> <!-- demo.TestPostMethod -->
