<?xml version="1.0" encoding="UTF-8"?>
<!-- Generated by org.testng.reporters.JUnitReportReporter -->
<testsuite hostname="Siku" failures="0" tests="1" name="demo.ValidateJsonREsponseBody" time="7.469" errors="0" timestamp="2024-05-14T00:31:29 IST" skipped="0">
  <testcase classname="demo.ValidateJsonREsponseBody" name="getSingleUser" time="7.469"/>
  <system-out/>
</testsuite> <!-- demo.ValidateJsonREsponseBody -->
