<?xml version="1.0" encoding="UTF-8"?>
<!-- Generated by org.testng.reporters.JUnitReportReporter -->
<testsuite hostname="Siku" failures="0" tests="1" name="demo.TestPutMethod" time="5.210" errors="0" timestamp="2024-05-12T18:56:50 IST" skipped="0">
  <testcase classname="demo.TestPutMethod" name="testCase04" time="5.210"/>
  <system-out/>
</testsuite> <!-- demo.TestPutMethod -->
