<?xml version="1.0" encoding="UTF-8"?>
<!-- Generated by org.testng.reporters.JUnitReportReporter -->
<testsuite hostname="Siku" failures="0" tests="1" name="demo.AppTest" time="9.494" errors="0" timestamp="2024-05-12T18:04:45 IST" skipped="0">
  <testcase classname="demo.AppTest" name="testCase01" time="9.494"/>
  <system-out/>
</testsuite> <!-- demo.AppTest -->
